<?xml version="1.0" encoding="UTF-8"?>
<testsuite name="com.kjbilling.app.domain.validator.InvoiceValidatorTest" tests="6" skipped="0" failures="0" errors="0" timestamp="2026-09-19T18:44:05" hostname="Sahil" time="0.002">
  <properties/>
  <testcase name="testEmptyItems" classname="com.kjbilling.app.domain.validator.InvoiceValidatorTest" time="0.0"/>
  <testcase name="testValidInput" classname="com.kjbilling.app.domain.validator.InvoiceValidatorTest" time="0.0"/>
  <testcase name="testDiscountGreaterThan100" classname="com.kjbilling.app.domain.validator.InvoiceValidatorTest" time="0.0"/>
  <testcase name="testEmptyCustomer" classname="com.kjbilling.app.domain.validator.InvoiceValidatorTest" time="0.0"/>
  <testcase name="testNegativePrice" classname="com.kjbilling.app.domain.validator.InvoiceValidatorTest" time="0.001"/>
  <testcase name="testZeroQuantity" classname="com.kjbilling.app.domain.validator.InvoiceValidatorTest" time="0.0"/>
  <system-out><![CDATA[]]></system-out>
  <system-err><![CDATA[]]></system-err>
</testsuite>
