<?xml version="1.0" encoding="UTF-8"?>
<testsuite name="com.kjbilling.app.domain.formatter.CurrencyFormatterTest" tests="6" skipped="0" failures="0" errors="0" timestamp="2026-09-19T18:16:18" hostname="Sahil" time="0.02">
  <properties/>
  <testcase name="testMillionsAndAbove" classname="com.kjbilling.app.domain.formatter.CurrencyFormatterTest" time="0.018"/>
  <testcase name="testLakhs" classname="com.kjbilling.app.domain.formatter.CurrencyFormatterTest" time="0.0"/>
  <testcase name="testZero" classname="com.kjbilling.app.domain.formatter.CurrencyFormatterTest" time="0.0"/>
  <testcase name="testMaxAmount" classname="com.kjbilling.app.domain.formatter.CurrencyFormatterTest" time="0.0"/>
  <testcase name="testOnlyPaise" classname="com.kjbilling.app.domain.formatter.CurrencyFormatterTest" time="0.0"/>
  <testcase name="testThousands" classname="com.kjbilling.app.domain.formatter.CurrencyFormatterTest" time="0.001"/>
  <system-out><![CDATA[]]></system-out>
  <system-err><![CDATA[]]></system-err>
</testsuite>
