<?xml version="1.0" encoding="UTF-8"?>
<testsuite name="com.kjbilling.app.domain.validator.GstinValidatorTest" tests="5" skipped="0" failures="0" errors="0" timestamp="2026-09-19T18:44:05" hostname="Sahil" time="0.012">
  <properties/>
  <testcase name="testEmptyGstin" classname="com.kjbilling.app.domain.validator.GstinValidatorTest" time="0.003"/>
  <testcase name="testValidGstin" classname="com.kjbilling.app.domain.validator.GstinValidatorTest" time="0.002"/>
  <testcase name="testInvalidStateCode" classname="com.kjbilling.app.domain.validator.GstinValidatorTest" time="0.0"/>
  <testcase name="testInvalidCharacters" classname="com.kjbilling.app.domain.validator.GstinValidatorTest" time="0.0"/>
  <testcase name="testTooShortGstin" classname="com.kjbilling.app.domain.validator.GstinValidatorTest" time="0.001"/>
  <system-out><![CDATA[]]></system-out>
  <system-err><![CDATA[]]></system-err>
</testsuite>
