<?xml version="1.0" encoding="UTF-8"?>
<testsuite name="com.kjbilling.app.domain.formatter.AmountInWordsTest" tests="7" skipped="0" failures="0" errors="0" timestamp="2026-09-19T18:16:18" hostname="Sahil" time="0.01">
  <properties/>
  <testcase name="testOne" classname="com.kjbilling.app.domain.formatter.AmountInWordsTest" time="0.001"/>
  <testcase name="testLakhs" classname="com.kjbilling.app.domain.formatter.AmountInWordsTest" time="0.001"/>
  <testcase name="testZero" classname="com.kjbilling.app.domain.formatter.AmountInWordsTest" time="0.0"/>
  <testcase name="testMaxAmount" classname="com.kjbilling.app.domain.formatter.AmountInWordsTest" time="0.007"/>
  <testcase name="testRupeesAndPaise" classname="com.kjbilling.app.domain.formatter.AmountInWordsTest" time="0.0"/>
  <testcase name="testOnlyPaise" classname="com.kjbilling.app.domain.formatter.AmountInWordsTest" time="0.0"/>
  <testcase name="testCrores" classname="com.kjbilling.app.domain.formatter.AmountInWordsTest" time="0.0"/>
  <system-out><![CDATA[]]></system-out>
  <system-err><![CDATA[]]></system-err>
</testsuite>
