<?xml version="1.0" encoding="UTF-8"?>
<testsuite name="com.kjbilling.app.domain.calculator.InvoiceCalculatorTest" tests="12" skipped="0" failures="0" errors="0" timestamp="2026-09-19T18:44:04" hostname="Sahil" time="0.007">
  <properties/>
  <testcase name="testDetermineTaxType" classname="com.kjbilling.app.domain.calculator.InvoiceCalculatorTest" time="0.001"/>
  <testcase name="testNoGstTaxType" classname="com.kjbilling.app.domain.calculator.InvoiceCalculatorTest" time="0.0"/>
  <testcase name="testDecimalQuantities" classname="com.kjbilling.app.domain.calculator.InvoiceCalculatorTest" time="0.001"/>
  <testcase name="testBasicCalculation" classname="com.kjbilling.app.domain.calculator.InvoiceCalculatorTest" time="0.0"/>
  <testcase name="testZeroGstRate" classname="com.kjbilling.app.domain.calculator.InvoiceCalculatorTest" time="0.0"/>
  <testcase name="testMultipleItemsInvoiceTotals" classname="com.kjbilling.app.domain.calculator.InvoiceCalculatorTest" time="0.002"/>
  <testcase name="testHundredPercentDiscount" classname="com.kjbilling.app.domain.calculator.InvoiceCalculatorTest" time="0.0"/>
  <testcase name="testDiscountClampedToItemAmount" classname="com.kjbilling.app.domain.calculator.InvoiceCalculatorTest" time="0.0"/>
  <testcase name="testDiscount" classname="com.kjbilling.app.domain.calculator.InvoiceCalculatorTest" time="0.001"/>
  <testcase name="testZeroPriceItem" classname="com.kjbilling.app.domain.calculator.InvoiceCalculatorTest" time="0.0"/>
  <testcase name="testFivePercentGstWithCgstSgst" classname="com.kjbilling.app.domain.calculator.InvoiceCalculatorTest" time="0.0"/>
  <testcase name="testIgstCalculation" classname="com.kjbilling.app.domain.calculator.InvoiceCalculatorTest" time="0.001"/>
  <system-out><![CDATA[]]></system-out>
  <system-err><![CDATA[]]></system-err>
</testsuite>
